0 info it worked if it ends with ok
1 verbose cli [ '/Users/prakruthishankar/.nvm/versions/node/v6.3.1/bin/node',
1 verbose cli   '/Users/prakruthishankar/.nvm/versions/node/v6.3.1/bin/npm',
1 verbose cli   'install',
1 verbose cli   '-S',
1 verbose cli   'react',
1 verbose cli   'react-dom',
1 verbose cli   'react-md' ]
2 info using npm@3.10.3
3 info using node@v6.3.1
4 silly loadCurrentTree Starting
5 silly install loadCurrentTree
6 silly install readLocalPackageData
7 silly fetchPackageMetaData react@^16.6.0
8 silly fetchPackageMetaData react-dom@^16.6.0
9 silly fetchPackageMetaData react-md
10 silly fetchNamedPackageData react
11 silly mapToRegistry name react
12 silly mapToRegistry using default registry
13 silly mapToRegistry registry https://npmregistry.p1.opendns.com/
14 silly mapToRegistry data Result {
14 silly mapToRegistry   raw: 'react',
14 silly mapToRegistry   scope: null,
14 silly mapToRegistry   escapedName: 'react',
14 silly mapToRegistry   name: 'react',
14 silly mapToRegistry   rawSpec: '',
14 silly mapToRegistry   spec: 'latest',
14 silly mapToRegistry   type: 'tag' }
15 silly mapToRegistry uri https://npmregistry.p1.opendns.com/react
16 silly fetchNamedPackageData react-dom
17 silly mapToRegistry name react-dom
18 silly mapToRegistry using default registry
19 silly mapToRegistry registry https://npmregistry.p1.opendns.com/
20 silly mapToRegistry data Result {
20 silly mapToRegistry   raw: 'react-dom',
20 silly mapToRegistry   scope: null,
20 silly mapToRegistry   escapedName: 'react-dom',
20 silly mapToRegistry   name: 'react-dom',
20 silly mapToRegistry   rawSpec: '',
20 silly mapToRegistry   spec: 'latest',
20 silly mapToRegistry   type: 'tag' }
21 silly mapToRegistry uri https://npmregistry.p1.opendns.com/react-dom
22 silly fetchNamedPackageData react-md
23 silly mapToRegistry name react-md
24 silly mapToRegistry using default registry
25 silly mapToRegistry registry https://npmregistry.p1.opendns.com/
26 silly mapToRegistry data Result {
26 silly mapToRegistry   raw: 'react-md',
26 silly mapToRegistry   scope: null,
26 silly mapToRegistry   escapedName: 'react-md',
26 silly mapToRegistry   name: 'react-md',
26 silly mapToRegistry   rawSpec: '',
26 silly mapToRegistry   spec: 'latest',
26 silly mapToRegistry   type: 'tag' }
27 silly mapToRegistry uri https://npmregistry.p1.opendns.com/react-md
28 verbose request uri https://npmregistry.p1.opendns.com/react-md
29 verbose request no auth needed
30 info attempt registry request try #1 at 10:02:47 PM
31 verbose request using bearer token for auth
32 verbose request id 8d62d551ecf62510
33 http request GET https://npmregistry.p1.opendns.com/react-md
34 verbose request uri https://npmregistry.p1.opendns.com/react-dom
35 verbose request no auth needed
36 info attempt registry request try #1 at 10:02:47 PM
37 verbose request using bearer token for auth
38 verbose etag "e881c5265d05a095325f9fa14e845f3f"
39 http request GET https://npmregistry.p1.opendns.com/react-dom
40 verbose request uri https://npmregistry.p1.opendns.com/react
41 verbose request no auth needed
42 info attempt registry request try #1 at 10:02:47 PM
43 verbose request using bearer token for auth
44 verbose etag "9cfec95d77eb6008c92e6d84a3e7ca57"
45 http request GET https://npmregistry.p1.opendns.com/react
46 info retry will retry, error on last attempt: Error: connect ETIMEDOUT 54.193.71.138:443
47 info retry will retry, error on last attempt: Error: connect ETIMEDOUT 54.193.71.138:443
48 info retry will retry, error on last attempt: Error: connect ETIMEDOUT 54.193.71.138:443
49 info attempt registry request try #2 at 10:04:13 PM
50 verbose request using bearer token for auth
51 verbose etag "e881c5265d05a095325f9fa14e845f3f"
52 http request GET https://npmregistry.p1.opendns.com/react-dom
53 info attempt registry request try #2 at 10:04:13 PM
54 verbose request using bearer token for auth
55 http request GET https://npmregistry.p1.opendns.com/react-md
56 info attempt registry request try #2 at 10:04:13 PM
57 verbose request using bearer token for auth
58 verbose etag "9cfec95d77eb6008c92e6d84a3e7ca57"
59 http request GET https://npmregistry.p1.opendns.com/react
60 info retry will retry, error on last attempt: Error: connect ETIMEDOUT 54.193.71.138:443
61 info retry will retry, error on last attempt: Error: connect ETIMEDOUT 54.193.71.138:443
62 info retry will retry, error on last attempt: Error: connect ETIMEDOUT 54.193.71.138:443
63 info attempt registry request try #3 at 10:06:28 PM
64 verbose request using bearer token for auth
65 verbose etag "9cfec95d77eb6008c92e6d84a3e7ca57"
66 http request GET https://npmregistry.p1.opendns.com/react
67 info attempt registry request try #3 at 10:06:28 PM
68 verbose request using bearer token for auth
69 http request GET https://npmregistry.p1.opendns.com/react-md
70 info attempt registry request try #3 at 10:06:28 PM
71 verbose request using bearer token for auth
72 verbose etag "e881c5265d05a095325f9fa14e845f3f"
73 http request GET https://npmregistry.p1.opendns.com/react-dom
74 silly get cb [ 304, undefined ]
75 verbose etag https://npmregistry.p1.opendns.com/react from cache
76 verbose get saving react to /Users/prakruthishankar/.npm/npmregistry.p1.opendns.com/react/.cache.json
77 verbose correctMkdir /Users/prakruthishankar/.npm correctMkdir not in flight; initializing
78 silly fetchPackageMetaData Error: getaddrinfo ENOTFOUND npmregistry.p1.opendns.com npmregistry.p1.opendns.com:443
78 silly fetchPackageMetaData     at errnoException (dns.js:28:10)
78 silly fetchPackageMetaData     at GetAddrInfoReqWrap.onlookup [as oncomplete] (dns.js:79:26)
78 silly fetchPackageMetaData  error for react-md { Error: getaddrinfo ENOTFOUND npmregistry.p1.opendns.com npmregistry.p1.opendns.com:443
78 silly fetchPackageMetaData     at errnoException (dns.js:28:10)
78 silly fetchPackageMetaData     at GetAddrInfoReqWrap.onlookup [as oncomplete] (dns.js:79:26)
78 silly fetchPackageMetaData   code: 'ENOTFOUND',
78 silly fetchPackageMetaData   errno: 'ENOTFOUND',
78 silly fetchPackageMetaData   syscall: 'getaddrinfo',
78 silly fetchPackageMetaData   hostname: 'npmregistry.p1.opendns.com',
78 silly fetchPackageMetaData   host: 'npmregistry.p1.opendns.com',
78 silly fetchPackageMetaData   port: 443 }
79 silly get cb [ 304, undefined ]
80 verbose etag https://npmregistry.p1.opendns.com/react-dom from cache
81 verbose get saving react-dom to /Users/prakruthishankar/.npm/npmregistry.p1.opendns.com/react-dom/.cache.json
82 verbose correctMkdir /Users/prakruthishankar/.npm correctMkdir already in flight; waiting
83 silly rollbackFailedOptional Starting
84 silly rollbackFailedOptional Finishing
85 silly runTopLevelLifecycles Starting
86 silly runTopLevelLifecycles Finishing
87 silly install printInstalled
88 verbose stack Error: getaddrinfo ENOTFOUND npmregistry.p1.opendns.com npmregistry.p1.opendns.com:443
88 verbose stack     at errnoException (dns.js:28:10)
88 verbose stack     at GetAddrInfoReqWrap.onlookup [as oncomplete] (dns.js:79:26)
89 verbose cwd /Users/prakruthishankar/Projects/BankApp
90 error Darwin 17.7.0
91 error argv "/Users/prakruthishankar/.nvm/versions/node/v6.3.1/bin/node" "/Users/prakruthishankar/.nvm/versions/node/v6.3.1/bin/npm" "install" "-S" "react" "react-dom" "react-md"
92 error node v6.3.1
93 error npm  v3.10.3
94 error code ENOTFOUND
95 error errno ENOTFOUND
96 error syscall getaddrinfo
97 error network getaddrinfo ENOTFOUND npmregistry.p1.opendns.com npmregistry.p1.opendns.com:443
98 error network This is most likely not a problem with npm itself
98 error network and is related to network connectivity.
98 error network In most cases you are behind a proxy or have bad network settings.
98 error network
98 error network If you are behind a proxy, please make sure that the
98 error network 'proxy' config is set properly.  See: 'npm help config'
99 verbose exit [ 1, true ]
